<?xml version="1.0" encoding="UTF-8"?>
<!-- Generated by org.testng.reporters.JUnitXMLReporter -->
<testsuite hostname="JAMESs-MacBook-Pro-2.local" failures="1" tests="10" name="RESTAssuredStandalone" time="21.175" errors="0" timestamp="11 Jun 2023 19:03:50 GMT">
  <testcase classname="com.jaemzware.BranchesGetAnonymousHappyPath" name="BranchesGetAnonymousHappyPathTest" time="7.065"/>
  <testcase classname="com.jaemzware.BranchesGetAuthenticatedHappyPath" name="BranchesGetAuthenticatedHappyPathTest" time="6.04"/>
  <testcase classname="com.jaemzware.ReposGetAnonymousHappyPath" name="ReposGetAnonymousHappyPathTest" time="0.782"/>
  <testcase classname="com.jaemzware.ReposGetAuthenticatedHappyPath" name="ReposGetAuthenticatedHappyPathTest" time="0.903"/>
  <testcase classname="com.jaemzware.ReposNegPostAnonymous" name="ReposNegPostAnonymousTest" time="0.121"/>
  <testcase classname="com.jaemzware.StuffedAnimalWarAllPasswords" name="StuffedAnimalWarPostHappyPathTest" time="4.769"/>
  <testcase classname="com.jaemzware.StuffedAnimalWarPostHappyPath" name="StuffedAnimalWarPostHappyPathTest" time="0.864"/>
  <testcase classname="com.jaemzware.UserGetHappyPath" name="UserGetHappyPathTest" time="0.128"/>
  <testcase classname="com.jaemzware.UserNegNotAuthorized" name="UserNegNotAuthorizedTest" time="0.142">
    <failure type="groovy.lang.GroovyRuntimeException" message="could not access constructor: private java.lang.AssertionError(java.lang.String) with arguments: [1 expectation failed.
Expected status code &amp;lt;401&amp;gt; but was &amp;lt;200&amp;gt;.
] reason: java.lang.IllegalAccessException: class org.codehaus.groovy.reflection.CachedConstructor cannot access a member of class java.lang.AssertionError (in module java.base) with modifiers &amp;quot;private&amp;quot;">
      <![CDATA[groovy.lang.GroovyRuntimeException: could not access constructor: private java.lang.AssertionError(java.lang.String) with arguments: [1 expectation failed.
Expected status code <401> but was <200>.
	at org.codehaus.groovy.runtime.callsite.ConstructorSite$ConstructorSiteNoUnwrap.callConstructor(ConstructorSite.java:84)
	at org.codehaus.groovy.runtime.callsite.CallSiteArray.defaultCallConstructor(CallSiteArray.java:60)
	at org.codehaus.groovy.runtime.callsite.AbstractCallSite.callConstructor(AbstractCallSite.java:235)
	at org.codehaus.groovy.runtime.callsite.AbstractCallSite.callConstructor(AbstractCallSite.java:247)
	at io.restassured.internal.ResponseSpecificationImpl$HamcrestAssertionClosure.validate(ResponseSpecificationImpl.groovy:471)
	at io.restassured.internal.ResponseSpecificationImpl$HamcrestAssertionClosure$validate$1.call(Unknown Source)
	at io.restassured.internal.ResponseSpecificationImpl.validateResponseIfRequired(ResponseSpecificationImpl.groovy:643)
	at org.codehaus.groovy.runtime.callsite.PogoMetaMethodSite$PogoCachedMethodSiteNoUnwrapNoCoerce.invoke(PogoMetaMethodSite.java:210)
	at org.codehaus.groovy.runtime.callsite.PogoMetaMethodSite.callCurrent(PogoMetaMethodSite.java:59)
	at org.codehaus.groovy.runtime.callsite.AbstractCallSite.callCurrent(AbstractCallSite.java:166)
	at io.restassured.internal.ResponseSpecificationImpl.statusCode(ResponseSpecificationImpl.groovy:122)
	at io.restassured.specification.ResponseSpecification$statusCode$0.callCurrent(Unknown Source)
	at io.restassured.internal.ResponseSpecificationImpl.statusCode(ResponseSpecificationImpl.groovy:130)
	at io.restassured.internal.ValidatableResponseOptionsImpl.statusCode(ValidatableResponseOptionsImpl.java:117)
	at com.jaemzware.UserNegNotAuthorized.UserNegNotAuthorizedTest(UserNegNotAuthorized.java:18)
	at org.apache.maven.surefire.testng.TestNGExecutor.run(TestNGExecutor.java:283)
	at org.apache.maven.surefire.testng.TestNGXmlTestSuite.execute(TestNGXmlTestSuite.java:75)
	at org.apache.maven.surefire.testng.TestNGProvider.invoke(TestNGProvider.java:120)
	at org.apache.maven.surefire.booter.ForkedBooter.invokeProviderInSameClassLoader(ForkedBooter.java:379)
	at org.apache.maven.surefire.booter.ForkedBooter.runSuitesInProcess(ForkedBooter.java:340)
	at org.apache.maven.surefire.booter.ForkedBooter.execute(ForkedBooter.java:125)
	at org.apache.maven.surefire.booter.ForkedBooter.main(ForkedBooter.java:413)
... Removed 25 stack frames]]>
    </failure>
  </testcase> <!-- UserNegNotAuthorizedTest -->
  <testcase classname="com.jaemzware.UsersGetSpecificUserHappyPath" name="UsersGetSpecificUserHappyPathTest" time="0.147"/>
</testsuite> <!-- RESTAssuredStandalone -->
